<?xml version="1.0" encoding="UTF-8"?>
<testng-results ignored="0" total="1" passed="1" failed="0" skipped="0">
  <reporter-output>
  </reporter-output>
  <suite started-at="2024-04-12T12:58:32 EDT" name="Default suite" finished-at="2024-04-12T12:58:33 EDT" duration-ms="501">
    <groups>
    </groups>
    <test started-at="2024-04-12T12:58:32 EDT" name="Default test" finished-at="2024-04-12T12:58:33 EDT" duration-ms="501">
      <class name="testcases.readPDF">
        <test-method signature="readPDF1()[pri:0, instance:testcases.readPDF@172b013]" started-at="2024-04-12T12:58:32 EDT" name="readPDF1" finished-at="2024-04-12T12:58:33 EDT" duration-ms="383" status="PASS">
          <reporter-output>
          </reporter-output>
        </test-method> <!-- readPDF1 -->
      </class> <!-- testcases.readPDF -->
    </test> <!-- Default test -->
  </suite> <!-- Default suite -->
</testng-results>
